Determining if the pthread_create exist failed with the following output:
Change Dir: /home/liu/catkin_ws_3/build/CMakeFiles/CMakeTmp

Run Build Command:"/usr/bin/make" "cmTC_1f261/fast"
/usr/bin/make -f CMakeFiles/cmTC_1f261.dir/build.make CMakeFiles/cmTC_1f261.dir/build
make[1]: 进入目录“/home/liu/catkin_ws_3/build/CMakeFiles/CMakeTmp”
Building C object CMakeFiles/cmTC_1f261.dir/CheckSymbolExists.c.o
/usr/bin/cc    -o CMakeFiles/cmTC_1f261.dir/CheckSymbolExists.c.o   -c /home/liu/catkin_ws_3/build/CMakeFiles/CMakeTmp/CheckSymbolExists.c
Linking C executable cmTC_1f261
/usr/bin/cmake -E cmake_link_script CMakeFiles/cmTC_1f261.dir/link.txt --verbose=1
/usr/bin/cc      -rdynamic CMakeFiles/cmTC_1f261.dir/CheckSymbolExists.c.o  -o cmTC_1f261 
CMakeFiles/cmTC_1f261.dir/CheckSymbolExists.c.o：在函数‘main’中：
CheckSymbolExists.c:(.text+0x1b)：对‘pthread_create’未定义的引用
collect2: error: ld returned 1 exit status
CMakeFiles/cmTC_1f261.dir/build.make:97: recipe for target 'cmTC_1f261' failed
make[1]: *** [cmTC_1f261] Error 1
make[1]: 离开目录“/home/liu/catkin_ws_3/build/CMakeFiles/CMakeTmp”
Makefile:126: recipe for target 'cmTC_1f261/fast' failed
make: *** [cmTC_1f261/fast] Error 2

File /home/liu/catkin_ws_3/build/CMakeFiles/CMakeTmp/CheckSymbolExists.c:
/* */
#include <pthread.h>

int main(int argc, char** argv)
{
  (void)argv;
#ifndef pthread_create
  return ((int*)(&pthread_create))[argc];
#else
  (void)argc;
  return 0;
#endif
}

Determining if the function pthread_create exists in the pthreads failed with the following output:
Change Dir: /home/liu/catkin_ws_3/build/CMakeFiles/CMakeTmp

Run Build Command:"/usr/bin/make" "cmTC_e3b1c/fast"
/usr/bin/make -f CMakeFiles/cmTC_e3b1c.dir/build.make CMakeFiles/cmTC_e3b1c.dir/build
make[1]: 进入目录“/home/liu/catkin_ws_3/build/CMakeFiles/CMakeTmp”
Building C object CMakeFiles/cmTC_e3b1c.dir/CheckFunctionExists.c.o
/usr/bin/cc   -DCHECK_FUNCTION_EXISTS=pthread_create   -o CMakeFiles/cmTC_e3b1c.dir/CheckFunctionExists.c.o   -c /usr/share/cmake-3.10/Modules/CheckFunctionExists.c
Linking C executable cmTC_e3b1c
/usr/bin/cmake -E cmake_link_script CMakeFiles/cmTC_e3b1c.dir/link.txt --verbose=1
/usr/bin/cc  -DCHECK_FUNCTION_EXISTS=pthread_create    -rdynamic CMakeFiles/cmTC_e3b1c.dir/CheckFunctionExists.c.o  -o cmTC_e3b1c -lpthreads 
/usr/bin/ld: 找不到 -lpthreads
collect2: error: ld returned 1 exit status
CMakeFiles/cmTC_e3b1c.dir/build.make:97: recipe for target 'cmTC_e3b1c' failed
make[1]: *** [cmTC_e3b1c] Error 1
make[1]: 离开目录“/home/liu/catkin_ws_3/build/CMakeFiles/CMakeTmp”
Makefile:126: recipe for target 'cmTC_e3b1c/fast' failed
make: *** [cmTC_e3b1c/fast] Error 2


Determining if the Q_WS_WIN exist failed with the following output:
Change Dir: /home/liu/catkin_ws_3/build/CMakeFiles/CMakeTmp

Run Build Command:"/usr/bin/make" "cmTC_4b61b/fast"
/usr/bin/make -f CMakeFiles/cmTC_4b61b.dir/build.make CMakeFiles/cmTC_4b61b.dir/build
make[1]: 进入目录“/home/liu/catkin_ws_3/build/CMakeFiles/CMakeTmp”
Building CXX object CMakeFiles/cmTC_4b61b.dir/CheckSymbolExists.cxx.o
/usr/bin/c++   -I/usr/include/qt4   -o CMakeFiles/cmTC_4b61b.dir/CheckSymbolExists.cxx.o -c /home/liu/catkin_ws_3/build/CMakeFiles/CMakeTmp/CheckSymbolExists.cxx
/home/liu/catkin_ws_3/build/CMakeFiles/CMakeTmp/CheckSymbolExists.cxx: In function ‘int main(int, char**)’:
/home/liu/catkin_ws_3/build/CMakeFiles/CMakeTmp/CheckSymbolExists.cxx:8:19: error: ‘Q_WS_WIN’ was not declared in this scope
   return ((int*)(&Q_WS_WIN))[argc];
                   ^~~~~~~~
/home/liu/catkin_ws_3/build/CMakeFiles/CMakeTmp/CheckSymbolExists.cxx:8:19: note: suggested alternative: ‘Q_WS_X11’
   return ((int*)(&Q_WS_WIN))[argc];
                   ^~~~~~~~
                   Q_WS_X11
CMakeFiles/cmTC_4b61b.dir/build.make:65: recipe for target 'CMakeFiles/cmTC_4b61b.dir/CheckSymbolExists.cxx.o' failed
make[1]: *** [CMakeFiles/cmTC_4b61b.dir/CheckSymbolExists.cxx.o] Error 1
make[1]: 离开目录“/home/liu/catkin_ws_3/build/CMakeFiles/CMakeTmp”
Makefile:126: recipe for target 'cmTC_4b61b/fast' failed
make: *** [cmTC_4b61b/fast] Error 2

File /home/liu/catkin_ws_3/build/CMakeFiles/CMakeTmp/CheckSymbolExists.cxx:
/* */
#include <QtCore/qglobal.h>

int main(int argc, char** argv)
{
  (void)argv;
#ifndef Q_WS_WIN
  return ((int*)(&Q_WS_WIN))[argc];
#else
  (void)argc;
  return 0;
#endif
}

Determining if the Q_WS_QWS exist failed with the following output:
Change Dir: /home/liu/catkin_ws_3/build/CMakeFiles/CMakeTmp

Run Build Command:"/usr/bin/make" "cmTC_40011/fast"
/usr/bin/make -f CMakeFiles/cmTC_40011.dir/build.make CMakeFiles/cmTC_40011.dir/build
make[1]: 进入目录“/home/liu/catkin_ws_3/build/CMakeFiles/CMakeTmp”
Building CXX object CMakeFiles/cmTC_40011.dir/CheckSymbolExists.cxx.o
/usr/bin/c++   -I/usr/include/qt4   -o CMakeFiles/cmTC_40011.dir/CheckSymbolExists.cxx.o -c /home/liu/catkin_ws_3/build/CMakeFiles/CMakeTmp/CheckSymbolExists.cxx
/home/liu/catkin_ws_3/build/CMakeFiles/CMakeTmp/CheckSymbolExists.cxx: In function ‘int main(int, char**)’:
/home/liu/catkin_ws_3/build/CMakeFiles/CMakeTmp/CheckSymbolExists.cxx:8:19: error: ‘Q_WS_QWS’ was not declared in this scope
   return ((int*)(&Q_WS_QWS))[argc];
                   ^~~~~~~~
/home/liu/catkin_ws_3/build/CMakeFiles/CMakeTmp/CheckSymbolExists.cxx:8:19: note: suggested alternative: ‘Q_WS_X11’
   return ((int*)(&Q_WS_QWS))[argc];
                   ^~~~~~~~
                   Q_WS_X11
CMakeFiles/cmTC_40011.dir/build.make:65: recipe for target 'CMakeFiles/cmTC_40011.dir/CheckSymbolExists.cxx.o' failed
make[1]: *** [CMakeFiles/cmTC_40011.dir/CheckSymbolExists.cxx.o] Error 1
make[1]: 离开目录“/home/liu/catkin_ws_3/build/CMakeFiles/CMakeTmp”
Makefile:126: recipe for target 'cmTC_40011/fast' failed
make: *** [cmTC_40011/fast] Error 2

File /home/liu/catkin_ws_3/build/CMakeFiles/CMakeTmp/CheckSymbolExists.cxx:
/* */
#include <QtCore/qglobal.h>

int main(int argc, char** argv)
{
  (void)argv;
#ifndef Q_WS_QWS
  return ((int*)(&Q_WS_QWS))[argc];
#else
  (void)argc;
  return 0;
#endif
}

Determining if the Q_WS_MAC exist failed with the following output:
Change Dir: /home/liu/catkin_ws_3/build/CMakeFiles/CMakeTmp

Run Build Command:"/usr/bin/make" "cmTC_bbebb/fast"
/usr/bin/make -f CMakeFiles/cmTC_bbebb.dir/build.make CMakeFiles/cmTC_bbebb.dir/build
make[1]: 进入目录“/home/liu/catkin_ws_3/build/CMakeFiles/CMakeTmp”
Building CXX object CMakeFiles/cmTC_bbebb.dir/CheckSymbolExists.cxx.o
/usr/bin/c++   -I/usr/include/qt4   -o CMakeFiles/cmTC_bbebb.dir/CheckSymbolExists.cxx.o -c /home/liu/catkin_ws_3/build/CMakeFiles/CMakeTmp/CheckSymbolExists.cxx
/home/liu/catkin_ws_3/build/CMakeFiles/CMakeTmp/CheckSymbolExists.cxx: In function ‘int main(int, char**)’:
/home/liu/catkin_ws_3/build/CMakeFiles/CMakeTmp/CheckSymbolExists.cxx:8:19: error: ‘Q_WS_MAC’ was not declared in this scope
   return ((int*)(&Q_WS_MAC))[argc];
                   ^~~~~~~~
/home/liu/catkin_ws_3/build/CMakeFiles/CMakeTmp/CheckSymbolExists.cxx:8:19: note: suggested alternative: ‘Q_WS_X11’
   return ((int*)(&Q_WS_MAC))[argc];
                   ^~~~~~~~
                   Q_WS_X11
CMakeFiles/cmTC_bbebb.dir/build.make:65: recipe for target 'CMakeFiles/cmTC_bbebb.dir/CheckSymbolExists.cxx.o' failed
make[1]: *** [CMakeFiles/cmTC_bbebb.dir/CheckSymbolExists.cxx.o] Error 1
make[1]: 离开目录“/home/liu/catkin_ws_3/build/CMakeFiles/CMakeTmp”
Makefile:126: recipe for target 'cmTC_bbebb/fast' failed
make: *** [cmTC_bbebb/fast] Error 2

File /home/liu/catkin_ws_3/build/CMakeFiles/CMakeTmp/CheckSymbolExists.cxx:
/* */
#include <QtCore/qglobal.h>

int main(int argc, char** argv)
{
  (void)argv;
#ifndef Q_WS_MAC
  return ((int*)(&Q_WS_MAC))[argc];
#else
  (void)argc;
  return 0;
#endif
}

